{"H:\\WebDevelopment\\Microverse\\youtube-sharing\\client\\src\\App.tsx": {"path":"H:\\WebDevelopment\\Microverse\\youtube-sharing\\client\\src\\App.tsx","statementMap":{"0":{"start":{"line":1,"column":0},"end":{"line":1,"column":74}},"1":{"start":{"line":2,"column":0},"end":{"line":2,"column":70}},"2":{"start":{"line":3,"column":0},"end":{"line":3,"column":38}},"3":{"start":{"line":7,"column":2},"end":{"line":20,"column":null}},"4":{"start":{"line":23,"column":0},"end":{"line":23,"column":null}}},"fnMap":{"0":{"name":"App","decl":{"start":{"line":5,"column":9},"end":{"line":5,"column":12}},"loc":{"start":{"line":5,"column":12},"end":{"line":21,"column":1}}}},"branchMap":{},"s":{"0":1,"1":1,"2":1,"3":1,"4":1},"f":{"0":1},"b":{}}
,"H:\\WebDevelopment\\Microverse\\youtube-sharing\\client\\src\\components\\AddNewVideoForm.tsx": {"path":"H:\\WebDevelopment\\Microverse\\youtube-sharing\\client\\src\\components\\AddNewVideoForm.tsx","statementMap":{"0":{"start":{"line":1,"column":0},"end":{"line":1,"column":65}},"1":{"start":{"line":2,"column":0},"end":{"line":2,"column":63}},"2":{"start":{"line":3,"column":0},"end":{"line":3,"column":27}},"3":{"start":{"line":4,"column":0},"end":{"line":4,"column":48}},"4":{"start":{"line":6,"column":0},"end":{"line":6,"column":59}},"5":{"start":{"line":20,"column":18},"end":{"line":47,"column":1}},"6":{"start":{"line":21,"column":44},"end":{"line":21,"column":49}},"7":{"start":{"line":22,"column":17},"end":{"line":26,"column":null}},"8":{"start":{"line":28,"column":2},"end":{"line":46,"column":null}},"9":{"start":{"line":55,"column":18},"end":{"line":79,"column":13}},"10":{"start":{"line":57,"column":4},"end":{"line":61,"column":6}},"11":{"start":{"line":74,"column":4},"end":{"line":74,"column":48}},"12":{"start":{"line":75,"column":4},"end":{"line":75,"column":25}},"13":{"start":{"line":76,"column":4},"end":{"line":76,"column":16}},"14":{"start":{"line":77,"column":4},"end":{"line":77,"column":31}},"15":{"start":{"line":81,"column":24},"end":{"line":96,"column":1}},"16":{"start":{"line":83,"column":19},"end":{"line":83,"column":35}},"17":{"start":{"line":84,"column":19},"end":{"line":84,"column":32}},"18":{"start":{"line":86,"column":2},"end":{"line":95,"column":null}},"19":{"start":{"line":98,"column":0},"end":{"line":98,"column":31}}},"fnMap":{"0":{"name":"(anonymous_6)","decl":{"start":{"line":20,"column":18},"end":{"line":20,"column":19}},"loc":{"start":{"line":20,"column":66},"end":{"line":47,"column":1}}},"1":{"name":"(anonymous_7)","decl":{"start":{"line":56,"column":20},"end":{"line":56,"column":23}},"loc":{"start":{"line":56,"column":25},"end":{"line":62,"column":3}}},"2":{"name":"(anonymous_8)","decl":{"start":{"line":73,"column":16},"end":{"line":73,"column":17}},"loc":{"start":{"line":73,"column":64},"end":{"line":78,"column":3}}},"3":{"name":"(anonymous_9)","decl":{"start":{"line":81,"column":24},"end":{"line":81,"column":27}},"loc":{"start":{"line":81,"column":29},"end":{"line":96,"column":1}}}},"branchMap":{"0":{"loc":{"start":{"line":32,"column":9},"end":{"line":32,"column":92}},"type":"binary-expr","locations":[{"start":{"line":32,"column":9},"end":{"line":32,"column":22}},{"start":{"line":32,"column":26},"end":{"line":32,"column":38}},{"start":{"line":32,"column":42},"end":{"line":32,"column":92}}]},"1":{"loc":{"start":{"line":36,"column":9},"end":{"line":36,"column":86}},"type":"binary-expr","locations":[{"start":{"line":36,"column":9},"end":{"line":36,"column":20}},{"start":{"line":36,"column":24},"end":{"line":36,"column":34}},{"start":{"line":36,"column":38},"end":{"line":36,"column":86}}]},"2":{"loc":{"start":{"line":40,"column":9},"end":{"line":40,"column":110}},"type":"binary-expr","locations":[{"start":{"line":40,"column":9},"end":{"line":40,"column":28}},{"start":{"line":40,"column":32},"end":{"line":40,"column":50}},{"start":{"line":40,"column":54},"end":{"line":40,"column":110}}]}},"s":{"0":1,"1":1,"2":1,"3":1,"4":1,"5":1,"6":0,"7":0,"8":0,"9":1,"10":0,"11":0,"12":0,"13":0,"14":0,"15":1,"16":0,"17":0,"18":0,"19":1},"f":{"0":0,"1":0,"2":0,"3":0},"b":{"0":[0,0,0],"1":[0,0,0],"2":[0,0,0]}}
,"H:\\WebDevelopment\\Microverse\\youtube-sharing\\client\\src\\components\\Modal.tsx": {"path":"H:\\WebDevelopment\\Microverse\\youtube-sharing\\client\\src\\components\\Modal.tsx","statementMap":{"0":{"start":{"line":1,"column":0},"end":{"line":1,"column":48}},"1":{"start":{"line":7,"column":14},"end":{"line":41,"column":1}},"2":{"start":{"line":8,"column":27},"end":{"line":8,"column":32}},"3":{"start":{"line":10,"column":2},"end":{"line":40,"column":null}},"4":{"start":{"line":18,"column":29},"end":{"line":18,"column":48}},"5":{"start":{"line":32,"column":29},"end":{"line":32,"column":48}},"6":{"start":{"line":43,"column":0},"end":{"line":43,"column":21}}},"fnMap":{"0":{"name":"(anonymous_1)","decl":{"start":{"line":7,"column":14},"end":{"line":7,"column":16}},"loc":{"start":{"line":7,"column":38},"end":{"line":41,"column":1}}},"1":{"name":"(anonymous_2)","decl":{"start":{"line":18,"column":23},"end":{"line":18,"column":26}},"loc":{"start":{"line":18,"column":29},"end":{"line":18,"column":48}}},"2":{"name":"(anonymous_3)","decl":{"start":{"line":32,"column":23},"end":{"line":32,"column":26}},"loc":{"start":{"line":32,"column":29},"end":{"line":32,"column":48}}}},"branchMap":{},"s":{"0":1,"1":1,"2":0,"3":0,"4":0,"5":0,"6":1},"f":{"0":0,"1":0,"2":0},"b":{}}
,"H:\\WebDevelopment\\Microverse\\youtube-sharing\\client\\src\\components\\Navbar.tsx": {"path":"H:\\WebDevelopment\\Microverse\\youtube-sharing\\client\\src\\components\\Navbar.tsx","statementMap":{"0":{"start":{"line":1,"column":0},"end":{"line":1,"column":41}},"1":{"start":{"line":2,"column":0},"end":{"line":2,"column":59}},"2":{"start":{"line":3,"column":0},"end":{"line":3,"column":44}},"3":{"start":{"line":4,"column":0},"end":{"line":4,"column":40}},"4":{"start":{"line":5,"column":0},"end":{"line":5,"column":48}},"5":{"start":{"line":6,"column":0},"end":{"line":6,"column":50}},"6":{"start":{"line":7,"column":0},"end":{"line":7,"column":48}},"7":{"start":{"line":8,"column":0},"end":{"line":8,"column":48}},"8":{"start":{"line":9,"column":0},"end":{"line":9,"column":44}},"9":{"start":{"line":10,"column":0},"end":{"line":10,"column":46}},"10":{"start":{"line":11,"column":0},"end":{"line":11,"column":55}},"11":{"start":{"line":12,"column":0},"end":{"line":12,"column":49}},"12":{"start":{"line":14,"column":15},"end":{"line":91,"column":1}},"13":{"start":{"line":15,"column":21},"end":{"line":15,"column":49}},"14":{"start":{"line":16,"column":19},"end":{"line":16,"column":35}},"15":{"start":{"line":17,"column":32},"end":{"line":17,"column":69}},"16":{"start":{"line":19,"column":30},"end":{"line":19,"column":45}},"17":{"start":{"line":20,"column":14},"end":{"line":20,"column":44}},"18":{"start":{"line":22,"column":23},"end":{"line":24,"column":3}},"19":{"start":{"line":23,"column":4},"end":{"line":23,"column":23}},"20":{"start":{"line":26,"column":2},"end":{"line":36,"column":15}},"21":{"start":{"line":27,"column":31},"end":{"line":31,"column":5}},"22":{"start":{"line":28,"column":6},"end":{"line":30,"column":null}},"23":{"start":{"line":29,"column":8},"end":{"line":29,"column":25}},"24":{"start":{"line":32,"column":4},"end":{"line":32,"column":59}},"25":{"start":{"line":33,"column":4},"end":{"line":35,"column":null}},"26":{"start":{"line":34,"column":6},"end":{"line":34,"column":64}},"27":{"start":{"line":38,"column":2},"end":{"line":43,"column":26}},"28":{"start":{"line":39,"column":4},"end":{"line":42,"column":null}},"29":{"start":{"line":40,"column":21},"end":{"line":40,"column":112}},"30":{"start":{"line":40,"column":27},"end":{"line":40,"column":112}},"31":{"start":{"line":41,"column":6},"end":{"line":41,"column":15}},"32":{"start":{"line":45,"column":2},"end":{"line":90,"column":4}},"33":{"start":{"line":60,"column":51},"end":{"line":60,"column":69}},"34":{"start":{"line":93,"column":0},"end":{"line":93,"column":22}}},"fnMap":{"0":{"name":"(anonymous_7)","decl":{"start":{"line":14,"column":15},"end":{"line":14,"column":18}},"loc":{"start":{"line":14,"column":20},"end":{"line":91,"column":1}}},"1":{"name":"(anonymous_8)","decl":{"start":{"line":22,"column":23},"end":{"line":22,"column":26}},"loc":{"start":{"line":22,"column":28},"end":{"line":24,"column":3}}},"2":{"name":"(anonymous_9)","decl":{"start":{"line":26,"column":12},"end":{"line":26,"column":15}},"loc":{"start":{"line":26,"column":17},"end":{"line":36,"column":3}}},"3":{"name":"(anonymous_10)","decl":{"start":{"line":27,"column":31},"end":{"line":27,"column":32}},"loc":{"start":{"line":27,"column":48},"end":{"line":31,"column":5}}},"4":{"name":"(anonymous_11)","decl":{"start":{"line":33,"column":11},"end":{"line":33,"column":14}},"loc":{"start":{"line":33,"column":16},"end":{"line":35,"column":5}}},"5":{"name":"(anonymous_12)","decl":{"start":{"line":38,"column":12},"end":{"line":38,"column":15}},"loc":{"start":{"line":38,"column":17},"end":{"line":43,"column":3}}},"6":{"name":"(anonymous_13)","decl":{"start":{"line":40,"column":21},"end":{"line":40,"column":24}},"loc":{"start":{"line":40,"column":27},"end":{"line":40,"column":112}}},"7":{"name":"(anonymous_14)","decl":{"start":{"line":60,"column":45},"end":{"line":60,"column":48}},"loc":{"start":{"line":60,"column":51},"end":{"line":60,"column":69}}}},"branchMap":{"0":{"loc":{"start":{"line":28,"column":6},"end":{"line":30,"column":null}},"type":"if","locations":[{"start":{"line":28,"column":6},"end":{"line":30,"column":null}}]},"1":{"loc":{"start":{"line":28,"column":10},"end":{"line":28,"column":91}},"type":"binary-expr","locations":[{"start":{"line":28,"column":10},"end":{"line":28,"column":16}},{"start":{"line":28,"column":20},"end":{"line":28,"column":31}},{"start":{"line":28,"column":35},"end":{"line":28,"column":91}}]},"2":{"loc":{"start":{"line":39,"column":4},"end":{"line":42,"column":null}},"type":"if","locations":[{"start":{"line":39,"column":4},"end":{"line":42,"column":null}}]},"3":{"loc":{"start":{"line":55,"column":10},"end":{"line":84,"column":null}},"type":"cond-expr","locations":[{"start":{"line":56,"column":12},"end":{"line":78,"column":null}},{"start":{"line":81,"column":12},"end":{"line":83,"column":null}}]},"4":{"loc":{"start":{"line":65,"column":16},"end":{"line":76,"column":24}},"type":"cond-expr","locations":[{"start":{"line":66,"column":18},"end":{"line":74,"column":null}},{"start":{"line":76,"column":20},"end":{"line":76,"column":24}}]}},"s":{"0":1,"1":1,"2":1,"3":1,"4":1,"5":1,"6":1,"7":1,"8":1,"9":1,"10":1,"11":1,"12":1,"13":1,"14":1,"15":1,"16":1,"17":1,"18":1,"19":0,"20":1,"21":1,"22":0,"23":0,"24":1,"25":1,"26":1,"27":1,"28":1,"29":0,"30":0,"31":0,"32":1,"33":0,"34":1},"f":{"0":1,"1":0,"2":1,"3":0,"4":1,"5":1,"6":0,"7":0},"b":{"0":[0],"1":[0,0,0],"2":[0],"3":[0,1],"4":[0,0]}}
,"H:\\WebDevelopment\\Microverse\\youtube-sharing\\client\\src\\components\\VideoCard.tsx": {"path":"H:\\WebDevelopment\\Microverse\\youtube-sharing\\client\\src\\components\\VideoCard.tsx","statementMap":{"0":{"start":{"line":1,"column":0},"end":{"line":1,"column":39}},"1":{"start":{"line":3,"column":0},"end":{"line":3,"column":40}},"2":{"start":{"line":4,"column":0},"end":{"line":4,"column":40}},"3":{"start":{"line":6,"column":18},"end":{"line":25,"column":1}},"4":{"start":{"line":7,"column":35},"end":{"line":7,"column":40}},"5":{"start":{"line":9,"column":2},"end":{"line":24,"column":4}},"6":{"start":{"line":27,"column":0},"end":{"line":27,"column":25}}},"fnMap":{"0":{"name":"(anonymous_1)","decl":{"start":{"line":6,"column":18},"end":{"line":6,"column":19}},"loc":{"start":{"line":6,"column":56},"end":{"line":25,"column":1}}}},"branchMap":{},"s":{"0":1,"1":1,"2":1,"3":1,"4":0,"5":0,"6":1},"f":{"0":0},"b":{}}
,"H:\\WebDevelopment\\Microverse\\youtube-sharing\\client\\src\\components\\index.ts": {"path":"H:\\WebDevelopment\\Microverse\\youtube-sharing\\client\\src\\components\\index.ts","statementMap":{"0":{"start":{"line":1,"column":0},"end":{"line":1,"column":7}},"1":{"start":{"line":6,"column":9},"end":{"line":1,"column":30}},"2":{"start":{"line":2,"column":0},"end":{"line":2,"column":7}},"3":{"start":{"line":6,"column":17},"end":{"line":2,"column":36}},"4":{"start":{"line":3,"column":0},"end":{"line":3,"column":7}},"5":{"start":{"line":6,"column":28},"end":{"line":3,"column":48}},"6":{"start":{"line":4,"column":0},"end":{"line":4,"column":7}},"7":{"start":{"line":6,"column":45},"end":{"line":4,"column":28}}},"fnMap":{},"branchMap":{},"s":{"0":1,"1":1,"2":1,"3":1,"4":1,"5":1,"6":1,"7":1},"f":{},"b":{}}
,"H:\\WebDevelopment\\Microverse\\youtube-sharing\\client\\src\\contexts\\Socket\\Context.ts": {"path":"H:\\WebDevelopment\\Microverse\\youtube-sharing\\client\\src\\contexts\\Socket\\Context.ts","statementMap":{"0":{"start":{"line":1,"column":0},"end":{"line":1,"column":26}},"1":{"start":{"line":11,"column":13},"end":{"line":15,"column":2}},"2":{"start":{"line":26,"column":29},"end":{"line":39,"column":1}},"3":{"start":{"line":27,"column":2},"end":{"line":27,"column":46}},"4":{"start":{"line":29,"column":2},"end":{"line":38,"column":null}},"5":{"start":{"line":31,"column":6},"end":{"line":31,"column":60}},"6":{"start":{"line":33,"column":6},"end":{"line":33,"column":61}},"7":{"start":{"line":35,"column":6},"end":{"line":35,"column":76}},"8":{"start":{"line":37,"column":6},"end":{"line":37,"column":19}},"9":{"start":{"line":26,"column":13},"end":{"line":26,"column":29}},"10":{"start":{"line":46,"column":22},"end":{"line":49,"column":2}},"11":{"start":{"line":48,"column":24},"end":{"line":48,"column":33}},"12":{"start":{"line":51,"column":13},"end":{"line":51,"column":60}},"13":{"start":{"line":52,"column":13},"end":{"line":52,"column":60}},"14":{"start":{"line":54,"column":0},"end":{"line":54,"column":29}}},"fnMap":{"0":{"name":"(anonymous_1)","decl":{"start":{"line":26,"column":29},"end":{"line":26,"column":30}},"loc":{"start":{"line":26,"column":112},"end":{"line":39,"column":1}}},"1":{"name":"(anonymous_2)","decl":{"start":{"line":48,"column":18},"end":{"line":48,"column":21}},"loc":{"start":{"line":48,"column":24},"end":{"line":48,"column":33}}}},"branchMap":{"0":{"loc":{"start":{"line":29,"column":2},"end":{"line":38,"column":null}},"type":"switch","locations":[{"start":{"line":30,"column":4},"end":{"line":31,"column":60}},{"start":{"line":32,"column":4},"end":{"line":33,"column":61}},{"start":{"line":34,"column":4},"end":{"line":35,"column":76}},{"start":{"line":36,"column":4},"end":{"line":37,"column":19}}]}},"s":{"0":1,"1":1,"2":1,"3":0,"4":0,"5":0,"6":0,"7":0,"8":0,"9":1,"10":1,"11":0,"12":1,"13":1,"14":1},"f":{"0":0,"1":0},"b":{"0":[0,0,0,0]}}
,"H:\\WebDevelopment\\Microverse\\youtube-sharing\\client\\src\\pages\\Home.tsx": {"path":"H:\\WebDevelopment\\Microverse\\youtube-sharing\\client\\src\\pages\\Home.tsx","statementMap":{"0":{"start":{"line":1,"column":0},"end":{"line":1,"column":41}},"1":{"start":{"line":2,"column":0},"end":{"line":2,"column":64}},"2":{"start":{"line":3,"column":0},"end":{"line":3,"column":82}},"3":{"start":{"line":4,"column":0},"end":{"line":4,"column":42}},"4":{"start":{"line":6,"column":23},"end":{"line":34,"column":1}},"5":{"start":{"line":8,"column":19},"end":{"line":8,"column":35}},"6":{"start":{"line":10,"column":37},"end":{"line":10,"column":72}},"7":{"start":{"line":12,"column":2},"end":{"line":14,"column":9}},"8":{"start":{"line":13,"column":4},"end":{"line":13,"column":38}},"9":{"start":{"line":16,"column":2},"end":{"line":33,"column":4}},"10":{"start":{"line":25,"column":14},"end":{"line":25,"column":null}},"11":{"start":{"line":36,"column":0},"end":{"line":36,"column":20}}},"fnMap":{"0":{"name":"(anonymous_0)","decl":{"start":{"line":6,"column":23},"end":{"line":6,"column":26}},"loc":{"start":{"line":6,"column":28},"end":{"line":34,"column":1}}},"1":{"name":"(anonymous_1)","decl":{"start":{"line":12,"column":12},"end":{"line":12,"column":15}},"loc":{"start":{"line":12,"column":17},"end":{"line":14,"column":3}}},"2":{"name":"(anonymous_2)","decl":{"start":{"line":24,"column":28},"end":{"line":24,"column":29}},"loc":{"start":{"line":25,"column":14},"end":{"line":25,"column":null}}}},"branchMap":{"0":{"loc":{"start":{"line":21,"column":10},"end":{"line":28,"column":null}},"type":"cond-expr","locations":[{"start":{"line":22,"column":12},"end":{"line":22,"column":33}},{"start":{"line":24,"column":12},"end":{"line":28,"column":14}}]}},"s":{"0":1,"1":1,"2":1,"3":1,"4":1,"5":2,"6":2,"7":2,"8":1,"9":2,"10":0,"11":1},"f":{"0":2,"1":1,"2":0},"b":{"0":[1,1]}}
,"H:\\WebDevelopment\\Microverse\\youtube-sharing\\client\\src\\pages\\Login.tsx": {"path":"H:\\WebDevelopment\\Microverse\\youtube-sharing\\client\\src\\pages\\Login.tsx","statementMap":{"0":{"start":{"line":1,"column":0},"end":{"line":1,"column":65}},"1":{"start":{"line":2,"column":0},"end":{"line":2,"column":63}},"2":{"start":{"line":3,"column":0},"end":{"line":3,"column":27}},"3":{"start":{"line":4,"column":0},"end":{"line":4,"column":64}},"4":{"start":{"line":5,"column":0},"end":{"line":5,"column":43}},"5":{"start":{"line":7,"column":0},"end":{"line":7,"column":50}},"6":{"start":{"line":20,"column":18},"end":{"line":42,"column":1}},"7":{"start":{"line":21,"column":43},"end":{"line":21,"column":48}},"8":{"start":{"line":22,"column":17},"end":{"line":25,"column":null}},"9":{"start":{"line":27,"column":2},"end":{"line":41,"column":null}},"10":{"start":{"line":51,"column":18},"end":{"line":74,"column":13}},"11":{"start":{"line":53,"column":4},"end":{"line":56,"column":6}},"12":{"start":{"line":68,"column":4},"end":{"line":68,"column":39}},"13":{"start":{"line":69,"column":4},"end":{"line":72,"column":12}},"14":{"start":{"line":70,"column":6},"end":{"line":70,"column":26}},"15":{"start":{"line":71,"column":6},"end":{"line":71,"column":27}},"16":{"start":{"line":76,"column":14},"end":{"line":95,"column":1}},"17":{"start":{"line":78,"column":23},"end":{"line":78,"column":51}},"18":{"start":{"line":79,"column":19},"end":{"line":79,"column":35}},"19":{"start":{"line":80,"column":19},"end":{"line":80,"column":32}},"20":{"start":{"line":82,"column":2},"end":{"line":94,"column":null}},"21":{"start":{"line":97,"column":0},"end":{"line":97,"column":21}}},"fnMap":{"0":{"name":"(anonymous_6)","decl":{"start":{"line":20,"column":18},"end":{"line":20,"column":19}},"loc":{"start":{"line":20,"column":66},"end":{"line":42,"column":1}}},"1":{"name":"(anonymous_7)","decl":{"start":{"line":52,"column":20},"end":{"line":52,"column":25}},"loc":{"start":{"line":52,"column":28},"end":{"line":57,"column":3}}},"2":{"name":"(anonymous_8)","decl":{"start":{"line":67,"column":16},"end":{"line":67,"column":17}},"loc":{"start":{"line":67,"column":53},"end":{"line":73,"column":3}}},"3":{"name":"(anonymous_9)","decl":{"start":{"line":69,"column":15},"end":{"line":69,"column":18}},"loc":{"start":{"line":69,"column":20},"end":{"line":72,"column":5}}},"4":{"name":"(anonymous_10)","decl":{"start":{"line":76,"column":14},"end":{"line":76,"column":17}},"loc":{"start":{"line":76,"column":19},"end":{"line":95,"column":1}}}},"branchMap":{"0":{"loc":{"start":{"line":31,"column":9},"end":{"line":31,"column":92}},"type":"binary-expr","locations":[{"start":{"line":31,"column":9},"end":{"line":31,"column":22}},{"start":{"line":31,"column":26},"end":{"line":31,"column":38}},{"start":{"line":31,"column":42},"end":{"line":31,"column":92}}]},"1":{"loc":{"start":{"line":35,"column":9},"end":{"line":35,"column":101}},"type":"binary-expr","locations":[{"start":{"line":35,"column":9},"end":{"line":35,"column":25}},{"start":{"line":35,"column":29},"end":{"line":35,"column":44}},{"start":{"line":35,"column":48},"end":{"line":35,"column":101}}]},"2":{"loc":{"start":{"line":54,"column":13},"end":{"line":54,"column":37}},"type":"binary-expr","locations":[{"start":{"line":54,"column":13},"end":{"line":54,"column":31}},{"start":{"line":54,"column":35},"end":{"line":54,"column":37}}]},"3":{"loc":{"start":{"line":89,"column":10},"end":{"line":90,"column":67}},"type":"cond-expr","locations":[{"start":{"line":89,"column":22},"end":{"line":89,"column":59}},{"start":{"line":90,"column":14},"end":{"line":90,"column":67}}]}},"s":{"0":2,"1":2,"2":2,"3":2,"4":2,"5":2,"6":2,"7":3,"8":3,"9":3,"10":2,"11":2,"12":0,"13":0,"14":0,"15":0,"16":2,"17":3,"18":2,"19":2,"20":2,"21":2},"f":{"0":3,"1":2,"2":0,"3":0,"4":3},"b":{"0":[3,0,0],"1":[3,0,0],"2":[2,2],"3":[0,2]}}
,"H:\\WebDevelopment\\Microverse\\youtube-sharing\\client\\src\\pages\\MyVideo.tsx": {"path":"H:\\WebDevelopment\\Microverse\\youtube-sharing\\client\\src\\pages\\MyVideo.tsx","statementMap":{"0":{"start":{"line":1,"column":0},"end":{"line":1,"column":44}},"1":{"start":{"line":2,"column":0},"end":{"line":2,"column":47}},"2":{"start":{"line":3,"column":0},"end":{"line":3,"column":64}},"3":{"start":{"line":4,"column":0},"end":{"line":4,"column":50}},"4":{"start":{"line":5,"column":0},"end":{"line":5,"column":82}},"5":{"start":{"line":6,"column":0},"end":{"line":6,"column":49}},"6":{"start":{"line":8,"column":16},"end":{"line":50,"column":1}},"7":{"start":{"line":9,"column":19},"end":{"line":9,"column":35}},"8":{"start":{"line":10,"column":23},"end":{"line":10,"column":51}},"9":{"start":{"line":11,"column":42},"end":{"line":11,"column":77}},"10":{"start":{"line":12,"column":19},"end":{"line":12,"column":32}},"11":{"start":{"line":14,"column":2},"end":{"line":14,"column":null}},"12":{"start":{"line":15,"column":36},"end":{"line":15,"column":51}},"13":{"start":{"line":17,"column":26},"end":{"line":17,"column":85}},"14":{"start":{"line":17,"column":56},"end":{"line":17,"column":84}},"15":{"start":{"line":19,"column":2},"end":{"line":24,"column":null}},"16":{"start":{"line":20,"column":4},"end":{"line":22,"column":null}},"17":{"start":{"line":21,"column":6},"end":{"line":21,"column":25}},"18":{"start":{"line":23,"column":4},"end":{"line":23,"column":38}},"19":{"start":{"line":26,"column":2},"end":{"line":49,"column":null}},"20":{"start":{"line":29,"column":31},"end":{"line":29,"column":49}},"21":{"start":{"line":42,"column":12},"end":{"line":42,"column":null}},"22":{"start":{"line":52,"column":0},"end":{"line":52,"column":23}}},"fnMap":{"0":{"name":"(anonymous_0)","decl":{"start":{"line":8,"column":16},"end":{"line":8,"column":19}},"loc":{"start":{"line":8,"column":21},"end":{"line":50,"column":1}}},"1":{"name":"(anonymous_1)","decl":{"start":{"line":17,"column":45},"end":{"line":17,"column":46}},"loc":{"start":{"line":17,"column":56},"end":{"line":17,"column":84}}},"2":{"name":"(anonymous_2)","decl":{"start":{"line":19,"column":12},"end":{"line":19,"column":15}},"loc":{"start":{"line":19,"column":17},"end":{"line":24,"column":3}}},"3":{"name":"(anonymous_3)","decl":{"start":{"line":29,"column":25},"end":{"line":29,"column":28}},"loc":{"start":{"line":29,"column":31},"end":{"line":29,"column":49}}},"4":{"name":"(anonymous_4)","decl":{"start":{"line":41,"column":30},"end":{"line":41,"column":31}},"loc":{"start":{"line":42,"column":12},"end":{"line":42,"column":null}}}},"branchMap":{"0":{"loc":{"start":{"line":20,"column":4},"end":{"line":22,"column":null}},"type":"if","locations":[{"start":{"line":20,"column":4},"end":{"line":22,"column":null}}]},"1":{"loc":{"start":{"line":33,"column":10},"end":{"line":35,"column":18}},"type":"cond-expr","locations":[{"start":{"line":34,"column":12},"end":{"line":34,"column":49}},{"start":{"line":35,"column":14},"end":{"line":35,"column":18}}]}},"s":{"0":1,"1":1,"2":1,"3":1,"4":1,"5":1,"6":1,"7":0,"8":0,"9":0,"10":0,"11":0,"12":0,"13":0,"14":0,"15":0,"16":0,"17":0,"18":0,"19":0,"20":0,"21":0,"22":1},"f":{"0":0,"1":0,"2":0,"3":0,"4":0},"b":{"0":[0],"1":[0,0]}}
,"H:\\WebDevelopment\\Microverse\\youtube-sharing\\client\\src\\pages\\PlayerVideo.tsx": {"path":"H:\\WebDevelopment\\Microverse\\youtube-sharing\\client\\src\\pages\\PlayerVideo.tsx","statementMap":{"0":{"start":{"line":1,"column":0},"end":{"line":1,"column":41}},"1":{"start":{"line":2,"column":0},"end":{"line":2,"column":39}},"2":{"start":{"line":3,"column":0},"end":{"line":3,"column":48}},"3":{"start":{"line":4,"column":0},"end":{"line":4,"column":64}},"4":{"start":{"line":6,"column":20},"end":{"line":17,"column":1}},"5":{"start":{"line":7,"column":17},"end":{"line":7,"column":28}},"6":{"start":{"line":9,"column":26},"end":{"line":9,"column":61}},"7":{"start":{"line":10,"column":16},"end":{"line":10,"column":61}},"8":{"start":{"line":10,"column":44},"end":{"line":10,"column":60}},"9":{"start":{"line":12,"column":2},"end":{"line":16,"column":null}},"10":{"start":{"line":19,"column":0},"end":{"line":19,"column":27}}},"fnMap":{"0":{"name":"(anonymous_1)","decl":{"start":{"line":6,"column":20},"end":{"line":6,"column":23}},"loc":{"start":{"line":6,"column":25},"end":{"line":17,"column":1}}},"1":{"name":"(anonymous_2)","decl":{"start":{"line":10,"column":33},"end":{"line":10,"column":34}},"loc":{"start":{"line":10,"column":44},"end":{"line":10,"column":60}}}},"branchMap":{},"s":{"0":1,"1":1,"2":1,"3":1,"4":1,"5":0,"6":0,"7":0,"8":0,"9":0,"10":1},"f":{"0":0,"1":0},"b":{}}
,"H:\\WebDevelopment\\Microverse\\youtube-sharing\\client\\src\\pages\\Register.tsx": {"path":"H:\\WebDevelopment\\Microverse\\youtube-sharing\\client\\src\\pages\\Register.tsx","statementMap":{"0":{"start":{"line":1,"column":0},"end":{"line":1,"column":65}},"1":{"start":{"line":2,"column":0},"end":{"line":2,"column":63}},"2":{"start":{"line":3,"column":0},"end":{"line":3,"column":27}},"3":{"start":{"line":4,"column":0},"end":{"line":4,"column":64}},"4":{"start":{"line":5,"column":0},"end":{"line":5,"column":46}},"5":{"start":{"line":7,"column":0},"end":{"line":7,"column":50}},"6":{"start":{"line":21,"column":18},"end":{"line":47,"column":1}},"7":{"start":{"line":22,"column":44},"end":{"line":22,"column":49}},"8":{"start":{"line":23,"column":17},"end":{"line":26,"column":null}},"9":{"start":{"line":28,"column":2},"end":{"line":46,"column":null}},"10":{"start":{"line":56,"column":21},"end":{"line":82,"column":13}},"11":{"start":{"line":58,"column":4},"end":{"line":62,"column":6}},"12":{"start":{"line":77,"column":4},"end":{"line":77,"column":42}},"13":{"start":{"line":78,"column":4},"end":{"line":78,"column":16}},"14":{"start":{"line":79,"column":4},"end":{"line":79,"column":25}},"15":{"start":{"line":80,"column":4},"end":{"line":80,"column":41}},"16":{"start":{"line":84,"column":27},"end":{"line":103,"column":1}},"17":{"start":{"line":86,"column":23},"end":{"line":86,"column":51}},"18":{"start":{"line":87,"column":19},"end":{"line":87,"column":35}},"19":{"start":{"line":88,"column":19},"end":{"line":88,"column":32}},"20":{"start":{"line":90,"column":2},"end":{"line":102,"column":null}},"21":{"start":{"line":105,"column":0},"end":{"line":105,"column":24}}},"fnMap":{"0":{"name":"(anonymous_6)","decl":{"start":{"line":21,"column":18},"end":{"line":21,"column":19}},"loc":{"start":{"line":21,"column":66},"end":{"line":47,"column":1}}},"1":{"name":"(anonymous_7)","decl":{"start":{"line":57,"column":20},"end":{"line":57,"column":25}},"loc":{"start":{"line":57,"column":28},"end":{"line":63,"column":3}}},"2":{"name":"(anonymous_8)","decl":{"start":{"line":76,"column":16},"end":{"line":76,"column":17}},"loc":{"start":{"line":76,"column":64},"end":{"line":81,"column":3}}},"3":{"name":"(anonymous_9)","decl":{"start":{"line":84,"column":27},"end":{"line":84,"column":30}},"loc":{"start":{"line":84,"column":32},"end":{"line":103,"column":1}}}},"branchMap":{"0":{"loc":{"start":{"line":32,"column":9},"end":{"line":32,"column":89}},"type":"binary-expr","locations":[{"start":{"line":32,"column":9},"end":{"line":32,"column":21}},{"start":{"line":32,"column":25},"end":{"line":32,"column":36}},{"start":{"line":32,"column":40},"end":{"line":32,"column":89}}]},"1":{"loc":{"start":{"line":36,"column":9},"end":{"line":36,"column":92}},"type":"binary-expr","locations":[{"start":{"line":36,"column":9},"end":{"line":36,"column":22}},{"start":{"line":36,"column":26},"end":{"line":36,"column":38}},{"start":{"line":36,"column":42},"end":{"line":36,"column":92}}]},"2":{"loc":{"start":{"line":40,"column":9},"end":{"line":40,"column":101}},"type":"binary-expr","locations":[{"start":{"line":40,"column":9},"end":{"line":40,"column":25}},{"start":{"line":40,"column":29},"end":{"line":40,"column":44}},{"start":{"line":40,"column":48},"end":{"line":40,"column":101}}]},"3":{"loc":{"start":{"line":60,"column":13},"end":{"line":60,"column":37}},"type":"binary-expr","locations":[{"start":{"line":60,"column":13},"end":{"line":60,"column":31}},{"start":{"line":60,"column":35},"end":{"line":60,"column":37}}]},"4":{"loc":{"start":{"line":96,"column":10},"end":{"line":98,"column":68}},"type":"cond-expr","locations":[{"start":{"line":97,"column":11},"end":{"line":97,"column":43}},{"start":{"line":98,"column":12},"end":{"line":98,"column":68}}]}},"s":{"0":2,"1":2,"2":2,"3":2,"4":2,"5":2,"6":2,"7":1,"8":1,"9":1,"10":2,"11":1,"12":0,"13":0,"14":0,"15":0,"16":2,"17":1,"18":1,"19":1,"20":1,"21":2},"f":{"0":1,"1":1,"2":0,"3":1},"b":{"0":[1,0,0],"1":[1,0,0],"2":[1,0,0],"3":[1,1],"4":[0,1]}}
,"H:\\WebDevelopment\\Microverse\\youtube-sharing\\client\\src\\pages\\index.tsx": {"path":"H:\\WebDevelopment\\Microverse\\youtube-sharing\\client\\src\\pages\\index.tsx","statementMap":{"0":{"start":{"line":1,"column":0},"end":{"line":1,"column":7}},"1":{"start":{"line":7,"column":9},"end":{"line":1,"column":26}},"2":{"start":{"line":2,"column":0},"end":{"line":2,"column":7}},"3":{"start":{"line":7,"column":15},"end":{"line":2,"column":28}},"4":{"start":{"line":3,"column":0},"end":{"line":3,"column":7}},"5":{"start":{"line":7,"column":22},"end":{"line":3,"column":34}},"6":{"start":{"line":4,"column":0},"end":{"line":4,"column":7}},"7":{"start":{"line":7,"column":32},"end":{"line":4,"column":32}},"8":{"start":{"line":5,"column":0},"end":{"line":5,"column":7}},"9":{"start":{"line":7,"column":41},"end":{"line":5,"column":40}}},"fnMap":{},"branchMap":{},"s":{"0":1,"1":1,"2":1,"3":1,"4":1,"5":1,"6":1,"7":1,"8":1,"9":1},"f":{},"b":{}}
,"H:\\WebDevelopment\\Microverse\\youtube-sharing\\client\\src\\store\\hooks.ts": {"path":"H:\\WebDevelopment\\Microverse\\youtube-sharing\\client\\src\\store\\hooks.ts","statementMap":{"0":{"start":{"line":1,"column":0},"end":{"line":1,"column":77}},"1":{"start":{"line":3,"column":30},"end":{"line":3,"column":62}},"2":{"start":{"line":3,"column":36},"end":{"line":3,"column":62}},"3":{"start":{"line":3,"column":13},"end":{"line":3,"column":30}},"4":{"start":{"line":4,"column":13},"end":{"line":4,"column":75}}},"fnMap":{"0":{"name":"(anonymous_0)","decl":{"start":{"line":3,"column":30},"end":{"line":3,"column":33}},"loc":{"start":{"line":3,"column":36},"end":{"line":3,"column":62}}}},"branchMap":{},"s":{"0":3,"1":3,"2":6,"3":3,"4":3},"f":{"0":6},"b":{}}
,"H:\\WebDevelopment\\Microverse\\youtube-sharing\\client\\src\\store\\userSlice.ts": {"path":"H:\\WebDevelopment\\Microverse\\youtube-sharing\\client\\src\\store\\userSlice.ts","statementMap":{"0":{"start":{"line":1,"column":0},"end":{"line":1,"column":65}},"1":{"start":{"line":2,"column":0},"end":{"line":2,"column":26}},"2":{"start":{"line":6,"column":12},"end":{"line":6,"column":45}},"3":{"start":{"line":8,"column":13},"end":{"line":14,"column":2}},"4":{"start":{"line":11,"column":16},"end":{"line":11,"column":54}},"5":{"start":{"line":12,"column":4},"end":{"line":12,"column":32}},"6":{"start":{"line":16,"column":13},"end":{"line":22,"column":2}},"7":{"start":{"line":19,"column":16},"end":{"line":19,"column":57}},"8":{"start":{"line":20,"column":4},"end":{"line":20,"column":32}},"9":{"start":{"line":38,"column":45},"end":{"line":38,"column":144}},"10":{"start":{"line":40,"column":32},"end":{"line":45,"column":null}},"11":{"start":{"line":47,"column":18},"end":{"line":85,"column":2}},"12":{"start":{"line":52,"column":6},"end":{"line":52,"column":42}},"13":{"start":{"line":53,"column":6},"end":{"line":53,"column":28}},"14":{"start":{"line":57,"column":4},"end":{"line":83,"column":null}},"15":{"start":{"line":59,"column":8},"end":{"line":59,"column":31}},"16":{"start":{"line":62,"column":8},"end":{"line":62,"column":32}},"17":{"start":{"line":63,"column":8},"end":{"line":63,"column":35}},"18":{"start":{"line":66,"column":8},"end":{"line":66,"column":32}},"19":{"start":{"line":67,"column":8},"end":{"line":67,"column":40}},"20":{"start":{"line":68,"column":8},"end":{"line":68,"column":73}},"21":{"start":{"line":69,"column":8},"end":{"line":69,"column":27}},"22":{"start":{"line":72,"column":8},"end":{"line":72,"column":31}},"23":{"start":{"line":75,"column":8},"end":{"line":75,"column":32}},"24":{"start":{"line":76,"column":8},"end":{"line":76,"column":35}},"25":{"start":{"line":79,"column":8},"end":{"line":79,"column":32}},"26":{"start":{"line":80,"column":8},"end":{"line":80,"column":40}},"27":{"start":{"line":81,"column":8},"end":{"line":81,"column":73}},"28":{"start":{"line":82,"column":8},"end":{"line":82,"column":27}},"29":{"start":{"line":87,"column":15},"end":{"line":87,"column":44}},"30":{"start":{"line":89,"column":28},"end":{"line":89,"column":60}},"31":{"start":{"line":89,"column":50},"end":{"line":89,"column":60}},"32":{"start":{"line":89,"column":13},"end":{"line":89,"column":28}},"33":{"start":{"line":90,"column":0},"end":{"line":90,"column":33}}},"fnMap":{"0":{"name":"(anonymous_1)","decl":{"start":{"line":10,"column":2},"end":{"line":10,"column":7}},"loc":{"start":{"line":10,"column":56},"end":{"line":13,"column":3}}},"1":{"name":"(anonymous_2)","decl":{"start":{"line":18,"column":2},"end":{"line":18,"column":7}},"loc":{"start":{"line":18,"column":69},"end":{"line":21,"column":3}}},"2":{"name":"(anonymous_3)","decl":{"start":{"line":51,"column":12},"end":{"line":51,"column":13}},"loc":{"start":{"line":51,"column":22},"end":{"line":54,"column":5}}},"3":{"name":"(anonymous_4)","decl":{"start":{"line":56,"column":2},"end":{"line":56,"column":15}},"loc":{"start":{"line":56,"column":23},"end":{"line":84,"column":3}}},"4":{"name":"(anonymous_5)","decl":{"start":{"line":58,"column":30},"end":{"line":58,"column":31}},"loc":{"start":{"line":58,"column":40},"end":{"line":60,"column":7}}},"5":{"name":"(anonymous_6)","decl":{"start":{"line":61,"column":31},"end":{"line":61,"column":32}},"loc":{"start":{"line":61,"column":49},"end":{"line":64,"column":7}}},"6":{"name":"(anonymous_7)","decl":{"start":{"line":65,"column":32},"end":{"line":65,"column":33}},"loc":{"start":{"line":65,"column":50},"end":{"line":70,"column":7}}},"7":{"name":"(anonymous_8)","decl":{"start":{"line":71,"column":33},"end":{"line":71,"column":34}},"loc":{"start":{"line":71,"column":43},"end":{"line":73,"column":7}}},"8":{"name":"(anonymous_9)","decl":{"start":{"line":74,"column":34},"end":{"line":74,"column":35}},"loc":{"start":{"line":74,"column":52},"end":{"line":77,"column":7}}},"9":{"name":"(anonymous_10)","decl":{"start":{"line":78,"column":35},"end":{"line":78,"column":36}},"loc":{"start":{"line":78,"column":76},"end":{"line":83,"column":7}}},"10":{"name":"(anonymous_11)","decl":{"start":{"line":89,"column":28},"end":{"line":89,"column":29}},"loc":{"start":{"line":89,"column":50},"end":{"line":89,"column":60}}}},"branchMap":{"0":{"loc":{"start":{"line":38,"column":45},"end":{"line":38,"column":144}},"type":"cond-expr","locations":[{"start":{"line":38,"column":80},"end":{"line":38,"column":137}},{"start":{"line":38,"column":140},"end":{"line":38,"column":144}}]}},"s":{"0":4,"1":4,"2":4,"3":4,"4":2,"5":1,"6":4,"7":2,"8":1,"9":4,"10":4,"11":4,"12":0,"13":0,"14":3,"15":0,"16":0,"17":0,"18":0,"19":0,"20":0,"21":0,"22":0,"23":0,"24":0,"25":0,"26":0,"27":0,"28":0,"29":4,"30":4,"31":9,"32":4,"33":4},"f":{"0":2,"1":2,"2":0,"3":3,"4":0,"5":0,"6":0,"7":0,"8":0,"9":0,"10":9},"b":{"0":[0,4]}}
,"H:\\WebDevelopment\\Microverse\\youtube-sharing\\client\\src\\store\\videoSharedSlice.ts": {"path":"H:\\WebDevelopment\\Microverse\\youtube-sharing\\client\\src\\store\\videoSharedSlice.ts","statementMap":{"0":{"start":{"line":1,"column":0},"end":{"line":1,"column":80}},"1":{"start":{"line":2,"column":0},"end":{"line":2,"column":45}},"2":{"start":{"line":6,"column":12},"end":{"line":6,"column":53}},"3":{"start":{"line":8,"column":13},"end":{"line":13,"column":3}},"4":{"start":{"line":11,"column":16},"end":{"line":11,"column":36}},"5":{"start":{"line":12,"column":4},"end":{"line":12,"column":37}},"6":{"start":{"line":15,"column":13},"end":{"line":29,"column":3}},"7":{"start":{"line":18,"column":25},"end":{"line":18,"column":40}},"8":{"start":{"line":21,"column":19},"end":{"line":26,"column":null}},"9":{"start":{"line":27,"column":16},"end":{"line":27,"column":63}},"10":{"start":{"line":28,"column":4},"end":{"line":28,"column":35}},"11":{"start":{"line":31,"column":13},"end":{"line":46,"column":3}},"12":{"start":{"line":35,"column":21},"end":{"line":35,"column":45}},"13":{"start":{"line":37,"column":19},"end":{"line":42,"column":null}},"14":{"start":{"line":44,"column":47},"end":{"line":44,"column":89}},"15":{"start":{"line":45,"column":4},"end":{"line":45,"column":21}},"16":{"start":{"line":64,"column":39},"end":{"line":69,"column":null}},"17":{"start":{"line":71,"column":25},"end":{"line":119,"column":2}},"18":{"start":{"line":76,"column":4},"end":{"line":117,"column":null}},"19":{"start":{"line":78,"column":8},"end":{"line":78,"column":31}},"20":{"start":{"line":81,"column":8},"end":{"line":81,"column":32}},"21":{"start":{"line":82,"column":8},"end":{"line":82,"column":35}},"22":{"start":{"line":85,"column":43},"end":{"line":90,"column":null}},"23":{"start":{"line":91,"column":8},"end":{"line":91,"column":30}},"24":{"start":{"line":92,"column":8},"end":{"line":92,"column":24}},"25":{"start":{"line":95,"column":8},"end":{"line":95,"column":31}},"26":{"start":{"line":98,"column":8},"end":{"line":98,"column":32}},"27":{"start":{"line":99,"column":8},"end":{"line":99,"column":35}},"28":{"start":{"line":102,"column":8},"end":{"line":102,"column":32}},"29":{"start":{"line":103,"column":8},"end":{"line":103,"column":40}},"30":{"start":{"line":104,"column":8},"end":{"line":104,"column":39}},"31":{"start":{"line":105,"column":8},"end":{"line":105,"column":27}},"32":{"start":{"line":108,"column":8},"end":{"line":108,"column":31}},"33":{"start":{"line":111,"column":8},"end":{"line":111,"column":32}},"34":{"start":{"line":112,"column":8},"end":{"line":112,"column":35}},"35":{"start":{"line":115,"column":8},"end":{"line":115,"column":32}},"36":{"start":{"line":116,"column":8},"end":{"line":116,"column":27}},"37":{"start":{"line":121,"column":35},"end":{"line":121,"column":74}},"38":{"start":{"line":121,"column":57},"end":{"line":121,"column":74}},"39":{"start":{"line":121,"column":13},"end":{"line":121,"column":35}},"40":{"start":{"line":122,"column":0},"end":{"line":122,"column":40}}},"fnMap":{"0":{"name":"(anonymous_1)","decl":{"start":{"line":10,"column":2},"end":{"line":10,"column":7}},"loc":{"start":{"line":10,"column":14},"end":{"line":13,"column":1}}},"1":{"name":"(anonymous_2)","decl":{"start":{"line":17,"column":2},"end":{"line":17,"column":7}},"loc":{"start":{"line":17,"column":86},"end":{"line":29,"column":1}}},"2":{"name":"(anonymous_3)","decl":{"start":{"line":34,"column":2},"end":{"line":34,"column":7}},"loc":{"start":{"line":34,"column":31},"end":{"line":46,"column":1}}},"3":{"name":"(anonymous_4)","decl":{"start":{"line":75,"column":2},"end":{"line":75,"column":15}},"loc":{"start":{"line":75,"column":23},"end":{"line":118,"column":3}}},"4":{"name":"(anonymous_5)","decl":{"start":{"line":77,"column":41},"end":{"line":77,"column":42}},"loc":{"start":{"line":77,"column":69},"end":{"line":79,"column":7}}},"5":{"name":"(anonymous_6)","decl":{"start":{"line":80,"column":42},"end":{"line":80,"column":43}},"loc":{"start":{"line":80,"column":78},"end":{"line":83,"column":7}}},"6":{"name":"(anonymous_7)","decl":{"start":{"line":84,"column":43},"end":{"line":84,"column":44}},"loc":{"start":{"line":84,"column":61},"end":{"line":93,"column":7}}},"7":{"name":"(anonymous_8)","decl":{"start":{"line":94,"column":39},"end":{"line":94,"column":40}},"loc":{"start":{"line":94,"column":49},"end":{"line":96,"column":7}}},"8":{"name":"(anonymous_9)","decl":{"start":{"line":97,"column":40},"end":{"line":97,"column":41}},"loc":{"start":{"line":97,"column":58},"end":{"line":100,"column":7}}},"9":{"name":"(anonymous_10)","decl":{"start":{"line":101,"column":41},"end":{"line":101,"column":42}},"loc":{"start":{"line":101,"column":90},"end":{"line":106,"column":7}}},"10":{"name":"(anonymous_11)","decl":{"start":{"line":107,"column":42},"end":{"line":107,"column":43}},"loc":{"start":{"line":107,"column":52},"end":{"line":109,"column":7}}},"11":{"name":"(anonymous_12)","decl":{"start":{"line":110,"column":43},"end":{"line":110,"column":44}},"loc":{"start":{"line":110,"column":61},"end":{"line":113,"column":7}}},"12":{"name":"(anonymous_13)","decl":{"start":{"line":114,"column":44},"end":{"line":114,"column":45}},"loc":{"start":{"line":114,"column":54},"end":{"line":117,"column":7}}},"13":{"name":"(anonymous_14)","decl":{"start":{"line":121,"column":35},"end":{"line":121,"column":36}},"loc":{"start":{"line":121,"column":57},"end":{"line":121,"column":74}}}},"branchMap":{},"s":{"0":3,"1":3,"2":3,"3":3,"4":1,"5":0,"6":3,"7":0,"8":0,"9":0,"10":0,"11":3,"12":0,"13":0,"14":0,"15":0,"16":3,"17":3,"18":3,"19":1,"20":0,"21":0,"22":0,"23":0,"24":0,"25":0,"26":0,"27":0,"28":0,"29":0,"30":0,"31":0,"32":0,"33":0,"34":0,"35":0,"36":0,"37":3,"38":3,"39":3,"40":3},"f":{"0":1,"1":0,"2":0,"3":3,"4":1,"5":0,"6":0,"7":0,"8":0,"9":0,"10":0,"11":0,"12":0,"13":3},"b":{}}
,"H:\\WebDevelopment\\Microverse\\youtube-sharing\\client\\src\\utils\\test-ultils.tsx": {"path":"H:\\WebDevelopment\\Microverse\\youtube-sharing\\client\\src\\utils\\test-ultils.tsx","statementMap":{"0":{"start":{"line":2,"column":0},"end":{"line":2,"column":47}},"1":{"start":{"line":4,"column":0},"end":{"line":4,"column":49}},"2":{"start":{"line":6,"column":0},"end":{"line":6,"column":38}},"3":{"start":{"line":10,"column":0},"end":{"line":10,"column":45}},"4":{"start":{"line":11,"column":0},"end":{"line":11,"column":59}},"5":{"start":{"line":28,"column":4},"end":{"line":28,"column":null}},"6":{"start":{"line":32,"column":2},"end":{"line":32,"column":null}},"7":{"start":{"line":20,"column":0},"end":{"line":20,"column":16}}},"fnMap":{"0":{"name":"renderWithProviders","decl":{"start":{"line":20,"column":16},"end":{"line":20,"column":35}},"loc":{"start":{"line":25,"column":31},"end":{"line":33,"column":1}}},"1":{"name":"Wrapper","decl":{"start":{"line":27,"column":11},"end":{"line":27,"column":18}},"loc":{"start":{"line":27,"column":54},"end":{"line":29,"column":3}}}},"branchMap":{"0":{"loc":{"start":{"line":22,"column":2},"end":{"line":25,"column":31}},"type":"default-arg","locations":[{"start":{"line":25,"column":29},"end":{"line":25,"column":31}}]},"1":{"loc":{"start":{"line":23,"column":4},"end":{"line":23,"column":95}},"type":"default-arg","locations":[{"start":{"line":23,"column":12},"end":{"line":23,"column":95}}]}},"s":{"0":3,"1":3,"2":3,"3":3,"4":3,"5":4,"6":4,"7":3},"f":{"0":4,"1":4},"b":{"0":[4],"1":[4]}}
}
